yarn run v1.22.19
$ storybook build --output-dir /var/folders/rw/g5hr3zcn5bl027v1233z1qx40000gn/T/chromatic--16872-bWVon1fxD1pC
@storybook/cli v7.4.3

info => Cleaning outputDir: /var/folders/rw/g5hr3zcn5bl027v1233z1qx40000gn/T/chromatic--16872-bWVon1fxD1pC
info => Loading presets
info => Building manager..
info => Manager built (64 ms)
info => Copying static files: /Users/sho/dev/tutorial/taskbox/node_modules/@storybook/manager/static at /var/folders/rw/g5hr3zcn5bl027v1233z1qx40000gn/T/chromatic--16872-bWVon1fxD1pC/sb-common-assets
info => Copying static files: /Users/sho/dev/tutorial/taskbox/public at /var/folders/rw/g5hr3zcn5bl027v1233z1qx40000gn/T/chromatic--16872-bWVon1fxD1pC/
vite v4.4.9 building for production...

./sb-common-assets/fonts.css doesn't exist at build time, it will remain unchanged to be resolved at runtime
transforming...
node_modules/telejson/dist/index.mjs (1413:15) Use of eval in "node_modules/telejson/dist/index.mjs" is strongly discouraged as it poses security risks and may cause issues with minification.
node_modules/telejson/dist/index.mjs (1416:18) Use of eval in "node_modules/telejson/dist/index.mjs" is strongly discouraged as it poses security risks and may cause issues with minification.
✓ 1665 modules transformed.
rendering chunks...
warnings when minifying css:
▲ [WARNING] Unexpected "vertical-align" [css-syntax-error]

    <stdin>:36:3:
      36 │   *vertical-align: middle;
         ╵    ~~~~~~~~~~~~~~


▲ [WARNING] Unexpected "overflow" [css-syntax-error]

    <stdin>:38:3:
      38 │   *overflow: visible;
         ╵    ~~~~~~~~


computing gzip size...
../../../../../var/folders/rw/g5hr3zcn5bl027v1233z1qx40000gn/T/chromatic--16872-bWVon1fxD1pC/iframe.html                                          12.54 kB │ gzip:   3.56 kB
../../../../../var/folders/rw/g5hr3zcn5bl027v1233z1qx40000gn/T/chromatic--16872-bWVon1fxD1pC/assets/percolate-dac75269.ttf                        34.04 kB
../../../../../var/folders/rw/g5hr3zcn5bl027v1233z1qx40000gn/T/chromatic--16872-bWVon1fxD1pC/assets/percolate-ec979d96.woff                       34.11 kB
../../../../../var/folders/rw/g5hr3zcn5bl027v1233z1qx40000gn/T/chromatic--16872-bWVon1fxD1pC/assets/percolate-5ed633c2.eot                        34.21 kB
../../../../../var/folders/rw/g5hr3zcn5bl027v1233z1qx40000gn/T/chromatic--16872-bWVon1fxD1pC/assets/percolate-d13fa91b.svg                       140.51 kB │ gzip:  47.50 kB
../../../../../var/folders/rw/g5hr3zcn5bl027v1233z1qx40000gn/T/chromatic--16872-bWVon1fxD1pC/assets/preview-4c64bd25.css                           6.88 kB │ gzip:   2.07 kB
../../../../../var/folders/rw/g5hr3zcn5bl027v1233z1qx40000gn/T/chromatic--16872-bWVon1fxD1pC/assets/_commonjs-dynamic-modules-302442b1.js          0.30 kB │ gzip:   0.24 kB │ map:     0.12 kB
../../../../../var/folders/rw/g5hr3zcn5bl027v1233z1qx40000gn/T/chromatic--16872-bWVon1fxD1pC/assets/WithTooltip-J57HCPYA-94cc0501.js               0.49 kB │ gzip:   0.30 kB │ map:     0.11 kB
../../../../../var/folders/rw/g5hr3zcn5bl027v1233z1qx40000gn/T/chromatic--16872-bWVon1fxD1pC/assets/syntaxhighlighter-PONEFOSF-df48f558.js         0.51 kB │ gzip:   0.33 kB │ map:     0.12 kB
../../../../../var/folders/rw/g5hr3zcn5bl027v1233z1qx40000gn/T/chromatic--16872-bWVon1fxD1pC/assets/preview-ad71cf0a.js                            0.56 kB │ gzip:   0.35 kB │ map:     0.54 kB
../../../../../var/folders/rw/g5hr3zcn5bl027v1233z1qx40000gn/T/chromatic--16872-bWVon1fxD1pC/assets/index-3fd0d1ea.js                              0.62 kB │ gzip:   0.38 kB │ map:     4.27 kB
../../../../../var/folders/rw/g5hr3zcn5bl027v1233z1qx40000gn/T/chromatic--16872-bWVon1fxD1pC/assets/preview-87eac49b.js                            0.68 kB │ gzip:   0.48 kB │ map:     3.89 kB
../../../../../var/folders/rw/g5hr3zcn5bl027v1233z1qx40000gn/T/chromatic--16872-bWVon1fxD1pC/assets/_commonjsHelpers-de833af9.js                   0.75 kB │ gzip:   0.43 kB │ map:     0.11 kB
../../../../../var/folders/rw/g5hr3zcn5bl027v1233z1qx40000gn/T/chromatic--16872-bWVon1fxD1pC/assets/index-356e4a49.js                              0.81 kB │ gzip:   0.51 kB │ map:     3.26 kB
../../../../../var/folders/rw/g5hr3zcn5bl027v1233z1qx40000gn/T/chromatic--16872-bWVon1fxD1pC/assets/index-8d47fad6.js                              0.84 kB │ gzip:   0.55 kB │ map:     4.08 kB
../../../../../var/folders/rw/g5hr3zcn5bl027v1233z1qx40000gn/T/chromatic--16872-bWVon1fxD1pC/assets/preview-b3c37142.js                            0.90 kB │ gzip:   0.59 kB │ map:     2.96 kB
../../../../../var/folders/rw/g5hr3zcn5bl027v1233z1qx40000gn/T/chromatic--16872-bWVon1fxD1pC/assets/preview-e799c8a2.js                            1.06 kB │ gzip:   0.69 kB │ map:     3.27 kB
../../../../../var/folders/rw/g5hr3zcn5bl027v1233z1qx40000gn/T/chromatic--16872-bWVon1fxD1pC/assets/preview-bed967c6.js                            2.38 kB │ gzip:   1.24 kB │ map:    11.10 kB
../../../../../var/folders/rw/g5hr3zcn5bl027v1233z1qx40000gn/T/chromatic--16872-bWVon1fxD1pC/assets/index-d37d4223.js                              2.63 kB │ gzip:   1.30 kB │ map:     7.47 kB
../../../../../var/folders/rw/g5hr3zcn5bl027v1233z1qx40000gn/T/chromatic--16872-bWVon1fxD1pC/assets/preview-15309724.js                            3.22 kB │ gzip:   1.39 kB │ map:    10.23 kB
../../../../../var/folders/rw/g5hr3zcn5bl027v1233z1qx40000gn/T/chromatic--16872-bWVon1fxD1pC/assets/Task.stories-2a5bb316.js                       3.71 kB │ gzip:   1.57 kB │ map:     5.04 kB
../../../../../var/folders/rw/g5hr3zcn5bl027v1233z1qx40000gn/T/chromatic--16872-bWVon1fxD1pC/assets/preview-a8282296.js                            3.78 kB │ gzip:   1.79 kB │ map:    14.56 kB
../../../../../var/folders/rw/g5hr3zcn5bl027v1233z1qx40000gn/T/chromatic--16872-bWVon1fxD1pC/assets/iframe-411a61fe.js                             4.62 kB │ gzip:   1.71 kB │ map:     5.36 kB
../../../../../var/folders/rw/g5hr3zcn5bl027v1233z1qx40000gn/T/chromatic--16872-bWVon1fxD1pC/assets/index-76fb7be0.js                              7.21 kB │ gzip:   2.95 kB │ map:    15.70 kB
../../../../../var/folders/rw/g5hr3zcn5bl027v1233z1qx40000gn/T/chromatic--16872-bWVon1fxD1pC/assets/preview-b8d6c68d.js                            7.67 kB │ gzip:   1.59 kB │ map:    14.22 kB
../../../../../var/folders/rw/g5hr3zcn5bl027v1233z1qx40000gn/T/chromatic--16872-bWVon1fxD1pC/assets/preview-2059b184.js                            8.32 kB │ gzip:   3.20 kB │ map:    29.42 kB
../../../../../var/folders/rw/g5hr3zcn5bl027v1233z1qx40000gn/T/chromatic--16872-bWVon1fxD1pC/assets/index-f05162e9.js                             10.06 kB │ gzip:   3.64 kB │ map:    26.86 kB
../../../../../var/folders/rw/g5hr3zcn5bl027v1233z1qx40000gn/T/chromatic--16872-bWVon1fxD1pC/assets/preview-47b91f5d.js                           11.13 kB │ gzip:   3.76 kB │ map:    41.90 kB
../../../../../var/folders/rw/g5hr3zcn5bl027v1233z1qx40000gn/T/chromatic--16872-bWVon1fxD1pC/assets/GlobalScrollAreaStyles-UY5SB7EJ-763dd5bc.js   15.10 kB │ gzip:   2.84 kB │ map:    21.41 kB
../../../../../var/folders/rw/g5hr3zcn5bl027v1233z1qx40000gn/T/chromatic--16872-bWVon1fxD1pC/assets/OverlayScrollbars-GZGLA7DL-14afcb95.js        28.95 kB │ gzip:  14.20 kB │ map:   108.14 kB
../../../../../var/folders/rw/g5hr3zcn5bl027v1233z1qx40000gn/T/chromatic--16872-bWVon1fxD1pC/assets/Color-6VNJS4EI-26112442.js                    31.10 kB │ gzip:  11.69 kB │ map:   112.61 kB
../../../../../var/folders/rw/g5hr3zcn5bl027v1233z1qx40000gn/T/chromatic--16872-bWVon1fxD1pC/assets/TaskList.stories-cbbeac22.js                  40.09 kB │ gzip:  13.86 kB │ map:   234.57 kB
../../../../../var/folders/rw/g5hr3zcn5bl027v1233z1qx40000gn/T/chromatic--16872-bWVon1fxD1pC/assets/_getPrototype-725791a0.js                     78.78 kB │ gzip:  23.67 kB │ map:   325.34 kB
../../../../../var/folders/rw/g5hr3zcn5bl027v1233z1qx40000gn/T/chromatic--16872-bWVon1fxD1pC/assets/index-d3ea75b5.js                            134.11 kB │ gzip:  43.23 kB │ map:   328.83 kB
../../../../../var/folders/rw/g5hr3zcn5bl027v1233z1qx40000gn/T/chromatic--16872-bWVon1fxD1pC/assets/config-7b196b88.js                           213.48 kB │ gzip:  66.39 kB │ map:   803.19 kB
../../../../../var/folders/rw/g5hr3zcn5bl027v1233z1qx40000gn/T/chromatic--16872-bWVon1fxD1pC/assets/InboxScreen.stories-a964d6ce.js              259.63 kB │ gzip:  61.51 kB │ map:   927.43 kB
../../../../../var/folders/rw/g5hr3zcn5bl027v1233z1qx40000gn/T/chromatic--16872-bWVon1fxD1pC/assets/index-badbdf7e.js                            372.03 kB │ gzip: 114.48 kB │ map: 1,550.01 kB
../../../../../var/folders/rw/g5hr3zcn5bl027v1233z1qx40000gn/T/chromatic--16872-bWVon1fxD1pC/assets/DocsRenderer-3PUGWF3O-715d08b8.js            517.94 kB │ gzip: 169.63 kB │ map: 1,485.47 kB
../../../../../var/folders/rw/g5hr3zcn5bl027v1233z1qx40000gn/T/chromatic--16872-bWVon1fxD1pC/assets/axe-ace75cbe.js                              554.63 kB │ gzip: 151.94 kB │ map: 1,993.94 kB
../../../../../var/folders/rw/g5hr3zcn5bl027v1233z1qx40000gn/T/chromatic--16872-bWVon1fxD1pC/assets/formatter-SWP5E3XI-f6095c1e.js               601.69 kB │ gzip: 185.06 kB │ map: 1,318.59 kB

(!) Some chunks are larger than 500 kBs after minification. Consider:
- Using dynamic import() to code-split the application
- Use build.rollupOptions.output.manualChunks to improve chunking: https://rollupjs.org/configuration-options/#output-manualchunks
- Adjust chunk size limit for this warning via build.chunkSizeWarningLimit.
✓ built in 5.38s
info => Output directory: /var/folders/rw/g5hr3zcn5bl027v1233z1qx40000gn/T/chromatic--16872-bWVon1fxD1pC
Done in 7.39s.
